"Task Aware Debugger for GDB" version 11.10.0 (202404041456)
Copyright 2016-2023 NXP
==================================
19:42:39.82 INFO: [ZephyrRTOS] .config file could not be read [C:\Users\bakra\Desktop\KW45B41Z\can_kw45_2\Debug\.config (The system cannot find the file specified)]
19:42:39.82 INFO: [TadModel] DSF session ID 4 has started.
19:42:48.448 INFO: [TadState] TAD state changed: DEBUG_STARTED -> DEBUG_INIT_0 (RESUMED, USER_REQUEST)
19:42:48.464 INFO: [TadState] TAD state changed: DEBUG_INIT_0 -> DEBUG_INIT_1 (SUSPENDED, SIGNAL)
19:42:49.301 INFO: [TadState] TAD state changed: DEBUG_INIT_1 -> DEBUG_SUSPENDED (RESUMED, USER_REQUEST)
19:42:49.374 INFO: [TadState] TAD state changed: DEBUG_SUSPENDED -> DEBUG_SUSPENDED (SUSPENDED, BREAKPOINT)
19:43:07.553 INFO: [TadState] TAD state changed: DEBUG_SUSPENDED -> DEBUG_RESUMED (RESUMED, USER_REQUEST)
19:43:07.604 INFO: [TadState] TAD state changed: DEBUG_RESUMED -> READY (SUSPENDED, BREAKPOINT)
19:43:17.29 INFO: [TadState] TAD state changed: READY -> DEBUG_RESUMED (RESUMED, STEP)
19:43:17.194 INFO: [TadState] TAD state changed: DEBUG_RESUMED -> READY (SUSPENDED, STEP)
19:43:19.328 INFO: [TadState] TAD state changed: READY -> DEBUG_RESUMED (RESUMED, STEP)
19:43:19.384 INFO: [TadState] TAD state changed: DEBUG_RESUMED -> READY (SUSPENDED, STEP)
19:43:32.740 INFO: [TadState] TAD state changed: READY -> DEBUG_RESUMED (RESUMED, STEP)
19:43:32.798 INFO: [TadState] TAD state changed: DEBUG_RESUMED -> READY (SUSPENDED, STEP)
19:43:43.756 INFO: [TadState] TAD state changed: READY -> DEBUG_RESUMED (RESUMED, USER_REQUEST)
19:43:43.808 INFO: [TadState] TAD state changed: DEBUG_RESUMED -> READY (SUSPENDED, BREAKPOINT)
19:43:45.259 INFO: [TadState] TAD state changed: READY -> DEBUG_RESUMED (RESUMED, USER_REQUEST)
19:43:45.352 INFO: [TadState] TAD state changed: DEBUG_RESUMED -> READY (SUSPENDED, BREAKPOINT)
19:43:46.874 INFO: [TadState] TAD state changed: READY -> DEBUG_RESUMED (RESUMED, USER_REQUEST)
19:43:46.965 INFO: [TadState] TAD state changed: DEBUG_RESUMED -> READY (SUSPENDED, BREAKPOINT)
19:43:55.125 INFO: [TadState] TAD state changed: READY -> DEBUG_RESUMED (RESUMED, STEP)
19:43:55.293 INFO: [TadState] TAD state changed: DEBUG_RESUMED -> READY (SUSPENDED, STEP)
19:43:58.65 INFO: [TadState] TAD state changed: READY -> DEBUG_RESUMED (RESUMED, STEP)
19:43:58.124 INFO: [TadState] TAD state changed: DEBUG_RESUMED -> READY (SUSPENDED, STEP)
19:46:00.245 INFO: [TadModel] DSF session ID 4 has ended.
