"Task Aware Debugger for GDB" version 11.9.0 (202311161535)
Copyright 2016-2023 NXP
==================================
18:54:35.664 INFO: [ZephyrRTOS] .config file could not be read [C:\Users\bakra\Desktop\KW45B41Z\kw45b41zevk_flexcan_interrupt_transfer\Debug\.config (The system cannot find the file specified)]
18:54:35.664 INFO: [TadModel] DSF session ID 4 has started.
18:54:40.95 INFO: [TadState] TAD state changed: DEBUG_STARTED -> DEBUG_INIT_0 (RESUMED, USER_REQUEST)
18:54:40.113 INFO: [TadState] TAD state changed: DEBUG_INIT_0 -> DEBUG_INIT_1 (SUSPENDED, SIGNAL)
18:54:40.719 INFO: [TadState] TAD state changed: DEBUG_INIT_1 -> DEBUG_SUSPENDED (RESUMED, USER_REQUEST)
18:54:40.793 INFO: [TadState] TAD state changed: DEBUG_SUSPENDED -> DEBUG_SUSPENDED (SUSPENDED, BREAKPOINT)
18:54:42.261 INFO: [TadState] TAD state changed: DEBUG_SUSPENDED -> DEBUG_RESUMED (RESUMED, USER_REQUEST)
18:54:48.130 INFO: [TadState] TAD state changed: DEBUG_RESUMED -> READY (SUSPENDED, SIGNAL)
18:54:52.488 INFO: [TadState] TAD state changed: READY -> DEBUG_RESUMED (RESUMED, USER_REQUEST)
18:54:53.665 INFO: [TadState] TAD state changed: DEBUG_RESUMED -> READY (SUSPENDED, SIGNAL)
18:55:05.923 INFO: [TadState] TAD state changed: READY -> DEBUG_RESUMED (RESUMED, STEP)
18:55:06.110 INFO: [TadState] TAD state changed: DEBUG_RESUMED -> READY (SUSPENDED, STEP)
18:56:15.789 INFO: [TadState] TAD state changed: READY -> DEBUG_RESUMED (RESUMED, STEP)
18:56:15.860 INFO: [TadState] TAD state changed: DEBUG_RESUMED -> READY (SUSPENDED, STEP)
18:56:20.365 INFO: [TadState] TAD state changed: READY -> DEBUG_RESUMED (RESUMED, STEP)
18:56:20.428 INFO: [TadState] TAD state changed: DEBUG_RESUMED -> READY (SUSPENDED, STEP)
18:56:22.622 INFO: [TadState] TAD state changed: READY -> DEBUG_RESUMED (RESUMED, STEP)
18:56:22.747 INFO: [TadState] TAD state changed: DEBUG_RESUMED -> READY (SUSPENDED, STEP)
18:58:28.62 INFO: [TadState] TAD state changed: READY -> DEBUG_RESUMED (RESUMED, STEP)
18:58:28.135 INFO: [TadState] TAD state changed: DEBUG_RESUMED -> READY (SUSPENDED, STEP)
18:58:28.924 INFO: [TadState] TAD state changed: READY -> DEBUG_RESUMED (RESUMED, STEP)
18:58:29.70 INFO: [TadState] TAD state changed: DEBUG_RESUMED -> READY (SUSPENDED, STEP)
18:58:30.255 INFO: [TadState] TAD state changed: READY -> DEBUG_RESUMED (RESUMED, STEP)
18:58:30.368 INFO: [TadState] TAD state changed: DEBUG_RESUMED -> READY (SUSPENDED, STEP)
18:58:31.205 INFO: [TadState] TAD state changed: READY -> DEBUG_RESUMED (RESUMED, STEP)
18:58:31.321 INFO: [TadState] TAD state changed: DEBUG_RESUMED -> READY (SUSPENDED, STEP)
18:58:32.809 INFO: [TadState] TAD state changed: READY -> DEBUG_RESUMED (RESUMED, STEP)
18:58:32.882 INFO: [TadState] TAD state changed: DEBUG_RESUMED -> READY (SUSPENDED, STEP)
18:58:37.778 INFO: [TadState] TAD state changed: READY -> DEBUG_RESUMED (RESUMED, STEP)
18:58:37.847 INFO: [TadState] TAD state changed: DEBUG_RESUMED -> READY (SUSPENDED, STEP)
18:58:40.134 INFO: [TadState] TAD state changed: READY -> DEBUG_RESUMED (RESUMED, STEP)
18:58:40.205 INFO: [TadState] TAD state changed: DEBUG_RESUMED -> READY (SUSPENDED, STEP)
18:58:40.947 INFO: [TadState] TAD state changed: READY -> DEBUG_RESUMED (RESUMED, STEP)
18:58:41.137 INFO: [TadState] TAD state changed: DEBUG_RESUMED -> READY (SUSPENDED, STEP)
18:58:43.176 INFO: [TadState] TAD state changed: READY -> DEBUG_RESUMED (RESUMED, STEP)
18:58:43.244 INFO: [TadState] TAD state changed: DEBUG_RESUMED -> READY (SUSPENDED, STEP)
18:58:43.925 INFO: [TadState] TAD state changed: READY -> DEBUG_RESUMED (RESUMED, STEP)
18:58:44.82 INFO: [TadState] TAD state changed: DEBUG_RESUMED -> READY (SUSPENDED, STEP)
18:58:47.234 INFO: [TadState] TAD state changed: READY -> DEBUG_RESUMED (RESUMED, STEP)
18:58:47.408 INFO: [TadState] TAD state changed: DEBUG_RESUMED -> READY (SUSPENDED, STEP)
18:58:49.42 INFO: [TadState] TAD state changed: READY -> DEBUG_RESUMED (RESUMED, STEP)
18:58:49.207 INFO: [TadState] TAD state changed: DEBUG_RESUMED -> READY (SUSPENDED, STEP)
18:58:55.30 INFO: [TadState] TAD state changed: READY -> DEBUG_RESUMED (RESUMED, STEP)
18:58:55.121 INFO: [TadState] TAD state changed: DEBUG_RESUMED -> READY (SUSPENDED, STEP)
18:58:56.58 INFO: [TadState] TAD state changed: READY -> DEBUG_RESUMED (RESUMED, STEP)
18:58:56.144 INFO: [TadState] TAD state changed: DEBUG_RESUMED -> READY (SUSPENDED, STEP)
18:58:56.818 INFO: [TadState] TAD state changed: READY -> DEBUG_RESUMED (RESUMED, STEP)
18:58:56.999 INFO: [TadState] TAD state changed: DEBUG_RESUMED -> READY (SUSPENDED, STEP)
18:58:57.368 INFO: [TadState] TAD state changed: READY -> DEBUG_RESUMED (RESUMED, STEP)
18:58:57.457 INFO: [TadState] TAD state changed: DEBUG_RESUMED -> READY (SUSPENDED, STEP)
18:58:58.587 INFO: [TadState] TAD state changed: READY -> DEBUG_RESUMED (RESUMED, STEP)
18:58:58.753 INFO: [TadState] TAD state changed: DEBUG_RESUMED -> READY (SUSPENDED, STEP)
18:58:59.12 INFO: [TadState] TAD state changed: READY -> DEBUG_RESUMED (RESUMED, STEP)
18:58:59.216 INFO: [TadState] TAD state changed: DEBUG_RESUMED -> READY (SUSPENDED, STEP)
18:59:01.710 INFO: [TadState] TAD state changed: READY -> DEBUG_RESUMED (RESUMED, STEP)
18:59:01.802 INFO: [TadState] TAD state changed: DEBUG_RESUMED -> READY (SUSPENDED, STEP)
18:59:02.500 INFO: [TadState] TAD state changed: READY -> DEBUG_RESUMED (RESUMED, STEP)
18:59:02.592 INFO: [TadState] TAD state changed: DEBUG_RESUMED -> READY (SUSPENDED, STEP)
18:59:03.280 INFO: [TadState] TAD state changed: READY -> DEBUG_RESUMED (RESUMED, STEP)
18:59:03.374 INFO: [TadState] TAD state changed: DEBUG_RESUMED -> READY (SUSPENDED, STEP)
18:59:06.930 INFO: [TadState] TAD state changed: READY -> DEBUG_RESUMED (RESUMED, STEP)
18:59:07.26 INFO: [TadState] TAD state changed: DEBUG_RESUMED -> READY (SUSPENDED, STEP)
18:59:08.397 INFO: [TadState] TAD state changed: READY -> DEBUG_RESUMED (RESUMED, STEP)
18:59:08.492 INFO: [TadState] TAD state changed: DEBUG_RESUMED -> READY (SUSPENDED, STEP)
18:59:10.241 INFO: [TadState] TAD state changed: READY -> DEBUG_RESUMED (RESUMED, STEP)
18:59:10.333 INFO: [TadState] TAD state changed: DEBUG_RESUMED -> READY (SUSPENDED, STEP)
18:59:12.144 INFO: [TadState] TAD state changed: READY -> DEBUG_RESUMED (RESUMED, STEP)
18:59:12.315 INFO: [TadState] TAD state changed: DEBUG_RESUMED -> READY (SUSPENDED, STEP)
18:59:12.987 INFO: [TadState] TAD state changed: READY -> DEBUG_RESUMED (RESUMED, STEP)
18:59:13.98 INFO: [TadState] TAD state changed: DEBUG_RESUMED -> READY (SUSPENDED, STEP)
18:59:13.688 INFO: [TadState] TAD state changed: READY -> DEBUG_RESUMED (RESUMED, STEP)
18:59:13.803 INFO: [TadState] TAD state changed: DEBUG_RESUMED -> READY (SUSPENDED, STEP)
18:59:14.517 INFO: [TadState] TAD state changed: READY -> DEBUG_RESUMED (RESUMED, STEP)
18:59:14.723 INFO: [TadState] TAD state changed: DEBUG_RESUMED -> READY (SUSPENDED, STEP)
18:59:15.302 INFO: [TadState] TAD state changed: READY -> DEBUG_RESUMED (RESUMED, STEP)
18:59:15.464 INFO: [TadState] TAD state changed: DEBUG_RESUMED -> READY (SUSPENDED, STEP)
18:59:17.274 INFO: [TadState] TAD state changed: READY -> DEBUG_RESUMED (RESUMED, STEP)
18:59:17.551 INFO: [TadState] TAD state changed: DEBUG_RESUMED -> READY (SUSPENDED, STEP)
18:59:17.867 INFO: [TadState] TAD state changed: READY -> DEBUG_RESUMED (RESUMED, STEP)
18:59:17.972 INFO: [TadState] TAD state changed: DEBUG_RESUMED -> READY (SUSPENDED, STEP)
18:59:19.68 INFO: [TadState] TAD state changed: READY -> DEBUG_RESUMED (RESUMED, STEP)
18:59:19.169 INFO: [TadState] TAD state changed: DEBUG_RESUMED -> READY (SUSPENDED, STEP)
18:59:20.395 INFO: [TadState] TAD state changed: READY -> DEBUG_RESUMED (RESUMED, STEP)
18:59:20.498 INFO: [TadState] TAD state changed: DEBUG_RESUMED -> READY (SUSPENDED, STEP)
18:59:23.593 INFO: [TadState] TAD state changed: READY -> DEBUG_RESUMED (RESUMED, STEP)
18:59:23.678 INFO: [TadState] TAD state changed: DEBUG_RESUMED -> READY (SUSPENDED, STEP)
18:59:24.611 INFO: [TadState] TAD state changed: READY -> DEBUG_RESUMED (RESUMED, STEP)
18:59:24.976 INFO: [TadState] TAD state changed: DEBUG_RESUMED -> READY (SUSPENDED, STEP)
18:59:26.672 INFO: [TadState] TAD state changed: READY -> DEBUG_RESUMED (RESUMED, STEP)
18:59:26.737 INFO: [TadState] TAD state changed: DEBUG_RESUMED -> READY (SUSPENDED, STEP)
18:59:27.704 INFO: [TadState] TAD state changed: READY -> DEBUG_RESUMED (RESUMED, STEP)
18:59:27.828 INFO: [TadState] TAD state changed: DEBUG_RESUMED -> READY (SUSPENDED, STEP)
18:59:29.429 INFO: [TadState] TAD state changed: READY -> DEBUG_RESUMED (RESUMED, STEP)
18:59:29.496 INFO: [TadState] TAD state changed: DEBUG_RESUMED -> READY (SUSPENDED, STEP)
18:59:30.395 INFO: [TadState] TAD state changed: READY -> DEBUG_RESUMED (RESUMED, STEP)
18:59:30.530 INFO: [TadState] TAD state changed: DEBUG_RESUMED -> READY (SUSPENDED, STEP)
18:59:31.908 INFO: [TadState] TAD state changed: READY -> DEBUG_RESUMED (RESUMED, STEP)
18:59:32.17 INFO: [TadState] TAD state changed: DEBUG_RESUMED -> READY (SUSPENDED, STEP)
18:59:32.626 INFO: [TadState] TAD state changed: READY -> DEBUG_RESUMED (RESUMED, STEP)
18:59:32.743 INFO: [TadState] TAD state changed: DEBUG_RESUMED -> READY (SUSPENDED, STEP)
18:59:33.668 INFO: [TadState] TAD state changed: READY -> DEBUG_RESUMED (RESUMED, STEP)
18:59:33.745 INFO: [TadState] TAD state changed: DEBUG_RESUMED -> READY (SUSPENDED, STEP)
18:59:37.02 INFO: [TadState] TAD state changed: READY -> DEBUG_RESUMED (RESUMED, STEP)
18:59:37.74 INFO: [TadState] TAD state changed: DEBUG_RESUMED -> READY (SUSPENDED, STEP)
18:59:39.701 INFO: [TadState] TAD state changed: READY -> DEBUG_RESUMED (RESUMED, STEP)
18:59:39.769 INFO: [TadState] TAD state changed: DEBUG_RESUMED -> READY (SUSPENDED, STEP)
18:59:44.185 INFO: [TadState] TAD state changed: READY -> DEBUG_RESUMED (RESUMED, STEP)
18:59:44.257 INFO: [TadState] TAD state changed: DEBUG_RESUMED -> READY (SUSPENDED, STEP)
18:59:45.122 INFO: [TadState] TAD state changed: READY -> DEBUG_RESUMED (RESUMED, STEP)
18:59:45.314 INFO: [TadState] TAD state changed: DEBUG_RESUMED -> READY (SUSPENDED, STEP)
18:59:46.11 INFO: [TadState] TAD state changed: READY -> DEBUG_RESUMED (RESUMED, STEP)
18:59:46.81 INFO: [TadState] TAD state changed: DEBUG_RESUMED -> READY (SUSPENDED, STEP)
18:59:46.589 INFO: [TadState] TAD state changed: READY -> DEBUG_RESUMED (RESUMED, STEP)
18:59:46.748 INFO: [TadState] TAD state changed: DEBUG_RESUMED -> READY (SUSPENDED, STEP)
18:59:48.272 INFO: [TadState] TAD state changed: READY -> DEBUG_RESUMED (RESUMED, STEP)
18:59:48.450 INFO: [TadState] TAD state changed: DEBUG_RESUMED -> READY (SUSPENDED, STEP)
18:59:53.557 INFO: [TadState] TAD state changed: READY -> DEBUG_RESUMED (RESUMED, STEP)
18:59:53.699 INFO: [TadState] TAD state changed: DEBUG_RESUMED -> READY (SUSPENDED, STEP)
18:59:54.655 INFO: [TadState] TAD state changed: READY -> DEBUG_RESUMED (RESUMED, STEP)
18:59:54.831 INFO: [TadState] TAD state changed: DEBUG_RESUMED -> READY (SUSPENDED, STEP)
18:59:55.454 INFO: [TadState] TAD state changed: READY -> DEBUG_RESUMED (RESUMED, STEP)
18:59:55.596 INFO: [TadState] TAD state changed: DEBUG_RESUMED -> READY (SUSPENDED, STEP)
19:00:03.224 INFO: [TadState] TAD state changed: READY -> DEBUG_RESUMED (RESUMED, STEP)
19:00:03.398 INFO: [TadState] TAD state changed: DEBUG_RESUMED -> READY (SUSPENDED, STEP)
19:00:04.50 INFO: [TadState] TAD state changed: READY -> DEBUG_RESUMED (RESUMED, STEP)
19:00:04.191 INFO: [TadState] TAD state changed: DEBUG_RESUMED -> READY (SUSPENDED, STEP)
19:00:23.867 INFO: [TadState] TAD state changed: READY -> DEBUG_RESUMED (RESUMED, STEP)
19:00:24.40 INFO: [TadState] TAD state changed: DEBUG_RESUMED -> READY (SUSPENDED, STEP)
19:00:24.884 INFO: [TadState] TAD state changed: READY -> DEBUG_RESUMED (RESUMED, STEP)
19:00:25.24 INFO: [TadState] TAD state changed: DEBUG_RESUMED -> READY (SUSPENDED, STEP)
19:00:25.664 INFO: [TadState] TAD state changed: READY -> DEBUG_RESUMED (RESUMED, STEP)
19:00:25.840 INFO: [TadState] TAD state changed: DEBUG_RESUMED -> READY (SUSPENDED, STEP)
19:00:26.413 INFO: [TadState] TAD state changed: READY -> DEBUG_RESUMED (RESUMED, STEP)
19:00:26.557 INFO: [TadState] TAD state changed: DEBUG_RESUMED -> READY (SUSPENDED, STEP)
19:00:29.915 INFO: [TadState] TAD state changed: READY -> DEBUG_RESUMED (RESUMED, STEP)
19:00:30.94 INFO: [TadState] TAD state changed: DEBUG_RESUMED -> READY (SUSPENDED, STEP)
19:00:34.729 INFO: [TadState] TAD state changed: READY -> DEBUG_RESUMED (RESUMED, STEP)
19:00:34.895 INFO: [TadState] TAD state changed: DEBUG_RESUMED -> READY (SUSPENDED, STEP)
19:00:36.741 INFO: [TadState] TAD state changed: READY -> DEBUG_RESUMED (RESUMED, STEP)
19:00:36.831 INFO: [TadState] TAD state changed: DEBUG_RESUMED -> READY (SUSPENDED, STEP)
19:00:44.689 INFO: [TadState] TAD state changed: READY -> DEBUG_RESUMED (RESUMED, STEP)
19:00:44.749 INFO: [TadState] TAD state changed: DEBUG_RESUMED -> READY (SUSPENDED, STEP)
19:00:56.876 INFO: [TadState] TAD state changed: READY -> DEBUG_RESUMED (RESUMED, USER_REQUEST)
19:00:59.304 INFO: [TadState] TAD state changed: DEBUG_RESUMED -> READY (SUSPENDED, SIGNAL)
19:01:02.633 INFO: [TadState] TAD state changed: READY -> DEBUG_RESUMED (RESUMED, STEP)
19:01:02.782 INFO: [TadState] TAD state changed: DEBUG_RESUMED -> READY (SUSPENDED, STEP)
19:01:03.412 INFO: [TadState] TAD state changed: READY -> DEBUG_RESUMED (RESUMED, STEP)
19:01:03.479 INFO: [TadState] TAD state changed: DEBUG_RESUMED -> READY (SUSPENDED, STEP)
19:01:04.444 INFO: [TadState] TAD state changed: READY -> DEBUG_RESUMED (RESUMED, STEP)
19:01:04.570 INFO: [TadState] TAD state changed: DEBUG_RESUMED -> READY (SUSPENDED, STEP)
19:01:07.544 INFO: [TadState] TAD state changed: READY -> DEBUG_RESUMED (RESUMED, STEP)
19:01:07.610 INFO: [TadState] TAD state changed: DEBUG_RESUMED -> READY (SUSPENDED, STEP)
19:01:08.323 INFO: [TadState] TAD state changed: READY -> DEBUG_RESUMED (RESUMED, STEP)
19:01:08.450 INFO: [TadState] TAD state changed: DEBUG_RESUMED -> READY (SUSPENDED, STEP)
19:01:10.938 INFO: [TadState] TAD state changed: READY -> DEBUG_RESUMED (RESUMED, STEP)
19:01:11.05 INFO: [TadState] TAD state changed: DEBUG_RESUMED -> READY (SUSPENDED, STEP)
19:01:11.731 INFO: [TadState] TAD state changed: READY -> DEBUG_RESUMED (RESUMED, STEP)
19:01:11.866 INFO: [TadState] TAD state changed: DEBUG_RESUMED -> READY (SUSPENDED, STEP)
19:01:13.196 INFO: [TadState] TAD state changed: READY -> DEBUG_RESUMED (RESUMED, STEP)
19:01:13.310 INFO: [TadState] TAD state changed: DEBUG_RESUMED -> READY (SUSPENDED, STEP)
19:01:13.928 INFO: [TadState] TAD state changed: READY -> DEBUG_RESUMED (RESUMED, STEP)
19:01:14.42 INFO: [TadState] TAD state changed: DEBUG_RESUMED -> READY (SUSPENDED, STEP)
19:01:14.488 INFO: [TadState] TAD state changed: READY -> DEBUG_RESUMED (RESUMED, STEP)
19:01:14.566 INFO: [TadState] TAD state changed: DEBUG_RESUMED -> READY (SUSPENDED, STEP)
19:01:17.290 INFO: [TadState] TAD state changed: READY -> DEBUG_RESUMED (RESUMED, STEP)
19:01:17.520 INFO: [TadState] TAD state changed: DEBUG_RESUMED -> READY (SUSPENDED, STEP)
19:01:18.426 INFO: [TadState] TAD state changed: READY -> DEBUG_RESUMED (RESUMED, STEP)
19:01:18.539 INFO: [TadState] TAD state changed: DEBUG_RESUMED -> READY (SUSPENDED, STEP)
19:01:19.769 INFO: [TadState] TAD state changed: READY -> DEBUG_RESUMED (RESUMED, STEP)
19:01:19.884 INFO: [TadState] TAD state changed: DEBUG_RESUMED -> READY (SUSPENDED, STEP)
19:01:20.692 INFO: [TadState] TAD state changed: READY -> DEBUG_RESUMED (RESUMED, STEP)
19:01:20.895 INFO: [TadState] TAD state changed: DEBUG_RESUMED -> READY (SUSPENDED, STEP)
19:01:21.503 INFO: [TadState] TAD state changed: READY -> DEBUG_RESUMED (RESUMED, STEP)
19:01:21.616 INFO: [TadState] TAD state changed: DEBUG_RESUMED -> READY (SUSPENDED, STEP)
19:01:22.283 INFO: [TadState] TAD state changed: READY -> DEBUG_RESUMED (RESUMED, STEP)
19:01:22.398 INFO: [TadState] TAD state changed: DEBUG_RESUMED -> READY (SUSPENDED, STEP)
19:01:23.60 INFO: [TadState] TAD state changed: READY -> DEBUG_RESUMED (RESUMED, STEP)
19:01:23.137 INFO: [TadState] TAD state changed: DEBUG_RESUMED -> READY (SUSPENDED, STEP)
19:01:24.72 INFO: [TadState] TAD state changed: READY -> DEBUG_RESUMED (RESUMED, STEP)
19:01:24.301 INFO: [TadState] TAD state changed: DEBUG_RESUMED -> READY (SUSPENDED, STEP)
19:01:24.632 INFO: [TadState] TAD state changed: READY -> DEBUG_RESUMED (RESUMED, STEP)
19:01:24.743 INFO: [TadState] TAD state changed: DEBUG_RESUMED -> READY (SUSPENDED, STEP)
19:01:25.365 INFO: [TadState] TAD state changed: READY -> DEBUG_RESUMED (RESUMED, STEP)
19:01:25.476 INFO: [TadState] TAD state changed: DEBUG_RESUMED -> READY (SUSPENDED, STEP)
19:01:26.188 INFO: [TadState] TAD state changed: READY -> DEBUG_RESUMED (RESUMED, STEP)
19:01:26.397 INFO: [TadState] TAD state changed: DEBUG_RESUMED -> READY (SUSPENDED, STEP)
19:01:27.206 INFO: [TadState] TAD state changed: READY -> DEBUG_RESUMED (RESUMED, STEP)
19:01:27.321 INFO: [TadState] TAD state changed: DEBUG_RESUMED -> READY (SUSPENDED, STEP)
19:01:27.817 INFO: [TadState] TAD state changed: READY -> DEBUG_RESUMED (RESUMED, STEP)
19:01:27.933 INFO: [TadState] TAD state changed: DEBUG_RESUMED -> READY (SUSPENDED, STEP)
19:01:28.489 INFO: [TadState] TAD state changed: READY -> DEBUG_RESUMED (RESUMED, STEP)
19:01:28.565 INFO: [TadState] TAD state changed: DEBUG_RESUMED -> READY (SUSPENDED, STEP)
19:01:30.306 INFO: [TadState] TAD state changed: READY -> DEBUG_RESUMED (RESUMED, STEP)
19:01:30.379 INFO: [TadState] TAD state changed: DEBUG_RESUMED -> READY (SUSPENDED, STEP)
19:07:58.470 INFO: [TadModel] DSF session ID 4 has ended.
