"Task Aware Debugger for GDB" version 11.9.0 (202311161535)
Copyright 2016-2023 NXP
==================================
20:02:35.426 INFO: [ZephyrRTOS] .config file could not be read [C:\Users\bakra\Desktop\KW45B41Z\kw45b41zevk_lpspi_edma_b2b_transfer_master\Debug\.config (The system cannot find the file specified)]
20:02:35.427 INFO: [TadModel] DSF session ID 0 has started.
20:02:41.354 INFO: [TadState] TAD state changed: DEBUG_STARTED -> DEBUG_INIT_0 (RESUMED, USER_REQUEST)
20:02:41.373 INFO: [TadState] TAD state changed: DEBUG_INIT_0 -> DEBUG_INIT_1 (SUSPENDED, SIGNAL)
20:02:42.52 INFO: [TadState] TAD state changed: DEBUG_INIT_1 -> DEBUG_SUSPENDED (RESUMED, USER_REQUEST)
20:02:42.160 INFO: [TadState] TAD state changed: DEBUG_SUSPENDED -> DEBUG_SUSPENDED (SUSPENDED, BREAKPOINT)
20:02:52.897 INFO: [TadState] TAD state changed: DEBUG_SUSPENDED -> DEBUG_SUSPENDED (SUSPENDED, SIGNAL)
20:02:53.46 INFO: [TadState] TAD state changed: DEBUG_SUSPENDED -> DEBUG_SUSPENDED (SUSPENDED, SIGNAL)
20:03:54.352 INFO: [TadState] TAD state changed: DEBUG_SUSPENDED -> DEBUG_RESUMED (RESUMED, USER_REQUEST)
20:03:54.429 INFO: [TadState] TAD state changed: DEBUG_RESUMED -> READY (SUSPENDED, SIGNAL)
20:03:54.588 INFO: [TadState] TAD state changed: READY -> DEBUG_RESUMED (SUSPENDED, SIGNAL)
20:03:55.91 INFO: [TadState] TAD state changed: DEBUG_RESUMED -> READY (SUSPENDED, SIGNAL)
20:03:55.327 INFO: [TadState] TAD state changed: READY -> DEBUG_RESUMED (SUSPENDED, SIGNAL)
20:04:10.710 INFO: [TadState] TAD state changed: DEBUG_RESUMED -> DEBUG_RESUMED (RESUMED, USER_REQUEST)
20:04:10.780 INFO: [TadState] TAD state changed: DEBUG_RESUMED -> READY (SUSPENDED, SIGNAL)
20:04:10.935 INFO: [TadState] TAD state changed: READY -> DEBUG_RESUMED (SUSPENDED, SIGNAL)
20:04:11.413 INFO: [TadState] TAD state changed: DEBUG_RESUMED -> READY (SUSPENDED, SIGNAL)
20:04:11.597 INFO: [TadState] TAD state changed: READY -> DEBUG_RESUMED (SUSPENDED, SIGNAL)
20:04:12.149 INFO: [TadState] TAD state changed: DEBUG_RESUMED -> READY (SUSPENDED, SIGNAL)
20:04:12.362 INFO: [TadState] TAD state changed: READY -> DEBUG_RESUMED (SUSPENDED, SIGNAL)
20:04:24.802 INFO: [TadState] TAD state changed: DEBUG_RESUMED -> DEBUG_RESUMED (RESUMED, USER_REQUEST)
20:04:24.870 INFO: [TadState] TAD state changed: DEBUG_RESUMED -> READY (SUSPENDED, SIGNAL)
20:04:25.26 INFO: [TadState] TAD state changed: READY -> DEBUG_RESUMED (SUSPENDED, SIGNAL)
20:04:25.487 INFO: [TadState] TAD state changed: DEBUG_RESUMED -> READY (SUSPENDED, SIGNAL)
20:04:25.748 INFO: [TadState] TAD state changed: READY -> DEBUG_RESUMED (SUSPENDED, USER_REQUEST)
20:04:30.562 INFO: [TadState] TAD state changed: DEBUG_RESUMED -> DEBUG_RESUMED (RESUMED, USER_REQUEST)
20:04:38.212 INFO: [TadModel] DSF session ID 0 has ended.
